<?xml version="1.0" encoding="UTF-8"?>
<!-- Generated by org.testng.reporters.JUnitXMLReporter -->
<testsuite hostname="DESKTOP-7G97FLI" ignored="0" name="Globaling Test" tests="1" failures="1" timestamp="2020-06-08T19:29:32 IST" time="21.264" errors="0">
  <testcase name="basePageNavigation" time="16.524" classname="SeleniumE2E.Globaling">
    <failure type="java.lang.AssertionError" message="expected [Log In to Rahul Shetty Academy123] but found [Log In to Rahul Shetty Academy]">
      <![CDATA[java.lang.AssertionError: expected [Log In to Rahul Shetty Academy123] but found [Log In to Rahul Shetty Academy]
at SeleniumE2E.Globaling.basePageNavigation(Globaling.java:42)
at java.util.ArrayList.forEach(Unknown Source)
... Removed 32 stack frames]]>
    </failure>
  </testcase> <!-- basePageNavigation -->
</testsuite> <!-- Globaling Test -->
